This is pdfTeX, Version 3.1415926-1.40.10 (TeX Live 2009/Debian) (format=latex 2012.5.12)  27 JUL 2012 21:03
entering extended mode
 %&-line parsing enabled.
**&latex prv_abstract.ini \nonstopmode\nofiles\PassOptionsToPackage{active,tigh
tpage,auctex}{preview}\AtBeginDocument{\ifx\ifPreview\undefined\RequirePackage[
displaymath,floats,graphics,textmath,sections,footnotes]{preview}[2004/11/05]\f
i} \input abstract.tex
(./prv_abstract.ini
LaTeX2e <2009/09/24>
Babel <v3.8l> and hyphenation patterns for english, usenglishmax, dumylang, noh
yphenation, farsi, arabic, croatian, bulgarian, ukrainian, russian, czech, slov
ak, danish, dutch, finnish, french, basque, ngerman, german, german-x-2009-06-1
9, ngerman-x-2009-06-19, ibycus, monogreek, greek, ancientgreek, hungarian, san
skrit, italian, latin, latvian, lithuanian, mongolian2a, mongolian, bokmal, nyn
orsk, romanian, irish, coptic, serbian, turkish, welsh, esperanto, uppersorbian
, estonian, indonesian, interlingua, icelandic, kurmanji, slovenian, polish, po
rtuguese, spanish, galician, catalan, swedish, ukenglish, pinyin, loaded.
(/usr/share/texmf-texlive/tex/latex/carlisle/mylatex.ltx)
(/usr/share/texmf-texlive/tex/latex/tools/.tex File ignored))
No auxiliary output files.

(./abstract.tex (/usr/share/texmf-texlive/tex/latex/base/article.cls
Document Class: article 2007/10/19 v1.4h Standard LaTeX document class
(/usr/share/texmf-texlive/tex/latex/base/size10.clo
File: size10.clo 2007/10/19 v1.4h Standard LaTeX file (size option)
)
\c@part=\count79
\c@section=\count80
\c@subsection=\count81
\c@subsubsection=\count82
\c@paragraph=\count83
\c@subparagraph=\count84
\c@figure=\count85
\c@table=\count86
\abovecaptionskip=\skip41
\belowcaptionskip=\skip42
\bibindent=\dimen102
)
(/var/lib/texmf/tex/generic/babel/babel.sty
Package: babel 2008/07/06 v3.8l The Babel package

(/usr/share/texmf-texlive/tex/generic/babel/english.ldf
Language: english 2005/03/30 v3.3o English support from the babel system

(/usr/share/texmf-texlive/tex/generic/babel/babel.def
File: babel.def 2008/07/06 v3.8l Babel common definitions
\babel@savecnt=\count87
\U@D=\dimen103
)
\l@canadian = a dialect from \language\l@american 
\l@australian = a dialect from \language\l@british 
\l@newzealand = a dialect from \language\l@british 
))
(/usr/share/texmf-texlive/tex/latex/geometry/geometry.sty
Package: geometry 2008/12/21 v4.2 Page Geometry

(/usr/share/texmf-texlive/tex/latex/graphics/keyval.sty
Package: keyval 1999/03/16 v1.13 key=value parser (DPC)
\KV@toks@=\toks14
)
(/usr/share/texmf-texlive/tex/generic/oberdiek/ifpdf.sty
Package: ifpdf 2009/04/10 v2.0 Provides the ifpdf switch (HO)
Package ifpdf Info: pdfTeX in pdf mode not detected.
)
(/usr/share/texmf-texlive/tex/generic/oberdiek/ifvtex.sty
Package: ifvtex 2008/11/04 v1.4 Switches for detecting VTeX and its modes (HO)
Package ifvtex Info: VTeX not detected.
)
\Gm@cnth=\count88
\Gm@cntv=\count89
\c@Gm@tempcnt=\count90
\Gm@bindingoffset=\dimen104
\Gm@wd@mp=\dimen105
\Gm@odd@mp=\dimen106
\Gm@even@mp=\dimen107
\Gm@dimlist=\toks15

(/usr/share/texmf-texlive/tex/xelatex/xetexconfig/geometry.cfg))
(/usr/share/texmf-texlive/tex/latex/microtype/microtype.sty
Package: microtype 2009/03/27 v2.3d Micro-typography with pdfTeX (RS)
\MT@toks=\toks16
\MT@count=\count91
LaTeX Info: Redefining \lsstyle on input line 1608.
LaTeX Info: Redefining \lslig on input line 1608.
\MT@outer@space=\skip43
LaTeX Info: Redefining \textls on input line 1616.
\MT@outer@kern=\dimen108
LaTeX Info: Redefining \textmicrotypecontext on input line 2167.
Package microtype Info: Loading configuration file microtype.cfg.

(/usr/share/texmf-texlive/tex/latex/microtype/microtype.cfg
File: microtype.cfg 2009/03/27 v2.3d microtype main configuration file (RS)
))
LaTeX Font Info:    External font `cmex10' loaded for size
(Font)              <7> on input line 7.
LaTeX Font Info:    External font `cmex10' loaded for size
(Font)              <5> on input line 7.
 )
Beginning to dump on file prv_abstract.fmt
 (format=prv_abstract 2012.7.27)
8289 strings of total length 130897
120417 memory locations dumped; current usage is 219&111436
5452 multiletter control sequences
\font\nullfont=nullfont
\font\OMX/cmex/m/n/5=cmex10
\font\tenln=line10
\font\tenlnw=linew10
\font\tencirc=lcircle10
\font\tencircw=lcirclew10
\font\OT1/cmr/m/n/5=cmr5
\font\OT1/cmr/m/n/7=cmr7
\font\OT1/cmr/m/n/10=cmr10
\font\OML/cmm/m/it/5=cmmi5
\font\OML/cmm/m/it/7=cmmi7
\font\OML/cmm/m/it/10=cmmi10
\font\OMS/cmsy/m/n/5=cmsy5
\font\OMS/cmsy/m/n/7=cmsy7
\font\OMS/cmsy/m/n/10=cmsy10
\font\OT1/cmr/m/n/12=cmr12
\font\OT1/cmr/m/n/8=cmr8
\font\OT1/cmr/bx/n/10=cmbx10
\font\OT1/cmr/bx/it/10=cmbxti10
\font\OT1/cmr/m/it/10=cmti10
\font\OT1/cmtt/m/n/10=cmtt10
\font\OT1/cmss/m/n/10=cmss10
5716 words of font info for 21 preloaded fonts
714 hyphenation exceptions
Hyphenation trie of length 289087 has 7201 ops out of 35111
  2 for language 56
  224 for language 55
  127 for language 54
  21 for language 53
  75 for language 52
  163 for language 51
  7 for language 50
  194 for language 49
  71 for language 48
  27 for language 47
  147 for language 46
  38 for language 45
  21 for language 44
  113 for language 43
  110 for language 42
  145 for language 41
  143 for language 40
  12 for language 39
  66 for language 38
  14 for language 37
  229 for language 36
  58 for language 35
  815 for language 34
  815 for language 33
  21 for language 32
  38 for language 31
  77 for language 30
  58 for language 29
  25 for language 28
  36 for language 27
  185 for language 25
  97 for language 24
  50 for language 23
  18 for language 22
  148 for language 21
  374 for language 20
  387 for language 19
  207 for language 18
  235 for language 17
  5 for language 16
  88 for language 15
  31 for language 14
  265 for language 13
  60 for language 12
  248 for language 11
  63 for language 10
  119 for language 9
  138 for language 8
  12 for language 7
  19 for language 6
  2 for language 2
  377 for language 1
  181 for language 0
0 words of pdfTeX memory
0 indirect objects
No pages of output.
